<?xml version="1.0" encoding="UTF-8"?>
<!-- Generated by org.testng.reporters.JUnitReportReporter -->
<testsuite hostname="DESKTOP-6DKNH69" failures="0" tests="1" name="Runner.Runnerclass" time="57.306" errors="0" timestamp="16 May 2023 02:25:27 GMT" skipped="0">
  <testcase classname="Runner.Runnerclass" name="feature" time="57.306"/>
</testsuite> <!-- Runner.Runnerclass -->
